[debug] [2020-10-31T16:59:36.974Z] ----------------------------------------------------------------------
[debug] [2020-10-31T16:59:36.976Z] Command:       C:\Program Files\nodejs\node.exe C:\Users\Mukkun\AppData\Roaming\npm\node_modules\firebase-tools\lib\bin\firebase.js deploy
[debug] [2020-10-31T16:59:36.976Z] CLI Version:   8.14.1
[debug] [2020-10-31T16:59:36.976Z] Platform:      win32
[debug] [2020-10-31T16:59:36.976Z] Node Version:  v12.19.0
[debug] [2020-10-31T16:59:36.978Z] Time:          Sat Oct 31 2020 17:59:36 GMT+0100 (Central European Standard Time)
[debug] [2020-10-31T16:59:36.978Z] ----------------------------------------------------------------------
[debug] [2020-10-31T16:59:36.979Z] 
[debug] [2020-10-31T16:59:36.987Z] > command requires scopes: ["email","openid","https://www.googleapis.com/auth/cloudplatformprojects.readonly","https://www.googleapis.com/auth/firebase","https://www.googleapis.com/auth/cloud-platform"]
[debug] [2020-10-31T16:59:36.988Z] > authorizing via signed-in user
[debug] [2020-10-31T16:59:36.988Z] [iam] checking project cm-sharer for permissions ["firebase.projects.get","firebasehosting.sites.update"]
[debug] [2020-10-31T16:59:36.991Z] >>> HTTP REQUEST POST https://cloudresourcemanager.googleapis.com/v1/projects/cm-sharer:testIamPermissions  
 {"permissions":["firebase.projects.get","firebasehosting.sites.update"]}
[debug] [2020-10-31T16:59:38.069Z] <<< HTTP RESPONSE 200 {"content-type":"application/json; charset=UTF-8","vary":"X-Origin, Referer, Origin,Accept-Encoding","date":"Sat, 31 Oct 2020 16:59:38 GMT","server":"ESF","cache-control":"private","x-xss-protection":"0","x-frame-options":"SAMEORIGIN","x-content-type-options":"nosniff","server-timing":"gfet4t7; dur=705","alt-svc":"h3-Q050=\":443\"; ma=2592000,h3-29=\":443\"; ma=2592000,h3-T051=\":443\"; ma=2592000,h3-T050=\":443\"; ma=2592000,h3-Q046=\":443\"; ma=2592000,h3-Q043=\":443\"; ma=2592000,quic=\":443\"; ma=2592000; v=\"46,43\"","accept-ranges":"none","transfer-encoding":"chunked"}
[debug] [2020-10-31T16:59:38.075Z] >>> HTTP REQUEST GET https://firebase.googleapis.com/v1beta1/projects/cm-sharer  
 
[debug] [2020-10-31T16:59:38.637Z] <<< HTTP RESPONSE 200 {"content-type":"application/json; charset=UTF-8","vary":"X-Origin, Referer, Origin,Accept-Encoding","date":"Sat, 31 Oct 2020 16:59:39 GMT","server":"ESF","cache-control":"private","x-xss-protection":"0","x-frame-options":"SAMEORIGIN","x-content-type-options":"nosniff","alt-svc":"h3-Q050=\":443\"; ma=2592000,h3-29=\":443\"; ma=2592000,h3-T051=\":443\"; ma=2592000,h3-T050=\":443\"; ma=2592000,h3-Q046=\":443\"; ma=2592000,h3-Q043=\":443\"; ma=2592000,quic=\":443\"; ma=2592000; v=\"46,43\"","accept-ranges":"none","transfer-encoding":"chunked"}
[info] 
[info] === Deploying to 'cm-sharer'...
[info] 
[info] i  deploying hosting 
[debug] [2020-10-31T16:59:38.644Z] >>> HTTP REQUEST POST https://firebasehosting.googleapis.com/v1beta1/sites/cm-sharer/versions  
 {"config":{"rewrites":[{"glob":"**","path":"/index.html"}]},"labels":{"deployment-tool":"cli-firebase"}}
[debug] [2020-10-31T16:59:40.345Z] <<< HTTP RESPONSE 200 {"content-type":"application/json; charset=UTF-8","vary":"X-Origin, Referer, Origin,Accept-Encoding","date":"Sat, 31 Oct 2020 16:59:40 GMT","server":"ESF","cache-control":"private","x-xss-protection":"0","x-frame-options":"SAMEORIGIN","x-content-type-options":"nosniff","alt-svc":"h3-Q050=\":443\"; ma=2592000,h3-29=\":443\"; ma=2592000,h3-T051=\":443\"; ma=2592000,h3-T050=\":443\"; ma=2592000,h3-Q046=\":443\"; ma=2592000,h3-Q043=\":443\"; ma=2592000,quic=\":443\"; ma=2592000; v=\"46,43\"","accept-ranges":"none","transfer-encoding":"chunked"}
[info] i  hosting[cm-sharer]: beginning deploy... 
[info] i  hosting[cm-sharer]: found 23 files in build 
[debug] [2020-10-31T16:59:40.442Z] [hosting] hash cache [YnVpbGQ] stored for 23 files
[debug] [2020-10-31T16:59:40.443Z] [hosting][hash queue][FINAL] {"max":12,"min":0,"avg":0,"active":0,"complete":23,"success":23,"errored":0,"retried":0,"total":23,"elapsed":23}
[debug] [2020-10-31T16:59:40.443Z] >>> HTTP REQUEST POST https://firebasehosting.googleapis.com/v1beta1/sites/cm-sharer/versions/819596b42d95d65c:populateFiles  
 <request body omitted>
[debug] [2020-10-31T16:59:41.808Z] <<< HTTP RESPONSE 200 {"content-type":"application/json; charset=UTF-8","vary":"X-Origin, Referer, Origin,Accept-Encoding","date":"Sat, 31 Oct 2020 16:59:42 GMT","server":"ESF","cache-control":"private","x-xss-protection":"0","x-frame-options":"SAMEORIGIN","x-content-type-options":"nosniff","alt-svc":"h3-Q050=\":443\"; ma=2592000,h3-29=\":443\"; ma=2592000,h3-T051=\":443\"; ma=2592000,h3-T050=\":443\"; ma=2592000,h3-Q046=\":443\"; ma=2592000,h3-Q043=\":443\"; ma=2592000,quic=\":443\"; ma=2592000; v=\"46,43\"","accept-ranges":"none","transfer-encoding":"chunked"}
[debug] [2020-10-31T16:59:41.814Z] [hosting][populate queue][FINAL] {"max":1377,"min":1377,"avg":1377,"active":0,"complete":1,"success":1,"errored":0,"retried":0,"total":1,"elapsed":1382}
[debug] [2020-10-31T16:59:41.814Z] [hosting] uploads queued: 1
